2022/04/07 09:32:50 user_id=1: Nuovo dipendente t.t@gmail.com aggiunto
2022/04/07 09:39:26 user_id=1: Dipendente tttt.t@gmail.com modificato
2022/04/07 09:40:44 user_id=1: Dipendente t.t@gmail.com modificato
2022/04/07 09:43:01 user_id=1: Dipendente t.t@gmail.com modificato
2022/04/07 09:43:30 user_id=1: Dipendente 10 eliminato 
2022/04/07 09:46:33 user_id=1: Datore p.p@gmail.com modificato
2022/04/07 10:13:52 user_id=1: Datore p.p@gmail.com modificato
2022/04/07 10:15:33 user_id=1: Datore p.p@gmail.com modificato
2022/04/07 10:16:24 user_id=1: Datore p.p@gmail.com modificato
2022/04/07 11:18:59 user_id=1: Datore p.p@gmail.com modificato
2022/04/07 11:26:15 user_id=1: Datore p.p@gmail.com modificato
2022/04/07 11:42:29 user_id=1: Datore p.p@gmail.com modificato
2022/04/07 12:04:39 user_id=1: Datore p.p@gmail.com modificato
2022/04/07 12:06:07 user_id=1: Datore p.p@gmail.com modificato
2022/04/07 12:06:48 user_id=1: Datore p.p@gmail.com modificato
2022/04/07 12:08:33 user_id=1: Datore p.p@gmail.com modificato
2022/04/07 12:32:37 user_id=1: Datore p.p@gmail.com modificato
2022/04/07 12:32:41 user_id=1: Datore p.p@gmail.com modificato
2022/04/07 12:32:50 user_id=1: Datore p.p@gmail.com modificato
2022/04/07 12:32:53 user_id=1: Datore p.p@gmail.com modificato
2022/04/07 12:32:57 user_id=1: Datore p.p@gmail.com modificato
2022/04/07 12:33:00 user_id=1: Datore p.p@gmail.com modificato
2022/04/07 13:14:06 user_id=1: Nuovo dipendente p.p@gmail.com aggiunto
